生成启动时间为 2018/5/30 19:50:59。
     1>项目“E:\c语言源文件\定长顺序串连接\串连接\串连接\串连接.vcxproj”在节点 2 上(build 个目标)。
     1>InitializeBuildStatus:
         正在创建“Debug\串连接.unsuccessfulbuild”，因为已指定“AlwaysCreate”。
       ClCompile:
         D:\Microsoft Visual Studio 10.0\VC\bin\CL.exe /c /ZI /nologo /W3 /WX- /Od /Oy- /D WIN32 /D _DEBUG /D _CONSOLE /D _UNICODE /D UNICODE /Gm /EHsc /RTC1 /MDd /GS /fp:precise /Zc:wchar_t /Zc:forScope /Fo"Debug\\" /Fd"Debug\vc100.pdb" /Gd /TC /analyze- /errorReport:prompt "串连接.c"
         串连接.c
     1>e:\c语言源文件\定长顺序串连接\串连接\串连接\串连接.c(64): warning C4996: 'scanf': This function or variable may be unsafe. Consider using scanf_s instead. To disable deprecation, use _CRT_SECURE_NO_WARNINGS. See online help for details.
                 d:\microsoft visual studio 10.0\vc\include\stdio.h(304) : 参见“scanf”的声明
     1>e:\c语言源文件\定长顺序串连接\串连接\串连接\串连接.c(68): warning C4996: 'scanf': This function or variable may be unsafe. Consider using scanf_s instead. To disable deprecation, use _CRT_SECURE_NO_WARNINGS. See online help for details.
                 d:\microsoft visual studio 10.0\vc\include\stdio.h(304) : 参见“scanf”的声明
       ManifestResourceCompile:
         所有输出均为最新。
       Link:
         D:\Microsoft Visual Studio 10.0\VC\bin\link.exe /ERRORREPORT:PROMPT /OUT:"E:\c语言源文件\定长顺序串连接\串连接\Debug\串连接.exe" /INCREMENTAL /NOLOGO kernel32.lib user32.lib gdi32.lib winspool.lib comdlg32.lib advapi32.lib shell32.lib ole32.lib oleaut32.lib uuid.lib odbc32.lib odbccp32.lib /MANIFEST /ManifestFile:"Debug\串连接.exe.intermediate.manifest" /MANIFESTUAC:"level='asInvoker' uiAccess='false'" /DEBUG /PDB:"E:\c语言源文件\定长顺序串连接\串连接\Debug\串连接.pdb" /SUBSYSTEM:CONSOLE /TLBID:1 /DYNAMICBASE /NXCOMPAT /IMPLIB:"E:\c语言源文件\定长顺序串连接\串连接\Debug\串连接.lib" /MACHINE:X86 "Debug\串连接.exe.embed.manifest.res"
         "Debug\串连接.obj"
       Manifest:
         C:\Program Files (x86)\Microsoft SDKs\Windows\v7.0A\bin\mt.exe /nologo /verbose /out:"Debug\串连接.exe.embed.manifest" /manifest "Debug\串连接.exe.intermediate.manifest"
         所有输出均为最新。
       LinkEmbedManifest:
         所有输出均为最新。
         串连接.vcxproj -> E:\c语言源文件\定长顺序串连接\串连接\Debug\串连接.exe
       FinalizeBuildStatus:
         正在删除文件“Debug\串连接.unsuccessfulbuild”。
         正在对“Debug\串连接.lastbuildstate”执行 Touch 任务。
     1>已完成生成项目“E:\c语言源文件\定长顺序串连接\串连接\串连接\串连接.vcxproj”(build 个目标)的操作。

生成成功。

已用时间 00:00:00.59
