生成启动时间为 2018/5/30 13:11:27。
     1>项目“E:\c语言源文件\index\index.vcxproj”在节点 2 上(build 个目标)。
     1>InitializeBuildStatus:
         正在创建“Debug\index.unsuccessfulbuild”，因为已指定“AlwaysCreate”。
       ClCompile:
         D:\Microsoft Visual Studio 10.0\VC\bin\CL.exe /c /Zi /nologo /W3 /WX- /Od /Oy- /D WIN32 /D _DEBUG /D _CONSOLE /Gm /EHsc /RTC1 /MDd /GS /fp:precise /Zc:wchar_t /Zc:forScope /Fo"Debug\\" /Fd"Debug\vc100.pdb" /Gd /TP /analyze- /errorReport:prompt index.cpp
         index.cpp
     1>e:\c语言源文件\index\index.cpp(76): warning C4715: “SubString”: 不是所有的控件路径都返回值
       ManifestResourceCompile:
         所有输出均为最新。
       Link:
         D:\Microsoft Visual Studio 10.0\VC\bin\link.exe /ERRORREPORT:PROMPT /OUT:"E:\c语言源文件\index\Debug\index.exe" /INCREMENTAL /NOLOGO kernel32.lib user32.lib gdi32.lib winspool.lib comdlg32.lib advapi32.lib shell32.lib ole32.lib oleaut32.lib uuid.lib odbc32.lib odbccp32.lib /MANIFEST /ManifestFile:"Debug\index.exe.intermediate.manifest" /MANIFESTUAC:"level='asInvoker' uiAccess='false'" /DEBUG /PDB:"E:\c语言源文件\index\Debug\index.pdb" /SUBSYSTEM:CONSOLE /TLBID:1 /DYNAMICBASE /NXCOMPAT /IMPLIB:"E:\c语言源文件\index\Debug\index.lib" /MACHINE:X86 Debug\index.exe.embed.manifest.res
         Debug\index.obj
       Manifest:
         C:\Program Files (x86)\Microsoft SDKs\Windows\v7.0A\bin\mt.exe /nologo /verbose /out:"Debug\index.exe.embed.manifest" /manifest Debug\index.exe.intermediate.manifest
         所有输出均为最新。
       LinkEmbedManifest:
         所有输出均为最新。
         index.vcxproj -> E:\c语言源文件\index\Debug\index.exe
       FinalizeBuildStatus:
         正在删除文件“Debug\index.unsuccessfulbuild”。
         正在对“Debug\index.lastbuildstate”执行 Touch 任务。
     1>已完成生成项目“E:\c语言源文件\index\index.vcxproj”(build 个目标)的操作。

生成成功。

已用时间 00:00:00.65
