生成启动时间为 2018/6/3 16:49:58。
     1>项目“E:\c语言源文件\模式匹配新算法\模式匹配\模式匹配.vcxproj”在节点 2 上(build 个目标)。
     1>InitializeBuildStatus:
         正在创建“Debug\模式匹配.unsuccessfulbuild”，因为已指定“AlwaysCreate”。
       ClCompile:
         D:\Microsoft Visual Studio 10.0\VC\bin\CL.exe /c /ZI /nologo /W3 /WX- /Od /Oy- /D WIN32 /D _DEBUG /D _CONSOLE /D _UNICODE /D UNICODE /Gm /EHsc /RTC1 /MDd /GS /fp:precise /Zc:wchar_t /Zc:forScope /Fo"Debug\\" /Fd"Debug\vc100.pdb" /Gd /TC /analyze- /errorReport:prompt index.c
         index.c
     1>e:\c语言源文件\模式匹配新算法\模式匹配\index.c(67): warning C4996: 'scanf': This function or variable may be unsafe. Consider using scanf_s instead. To disable deprecation, use _CRT_SECURE_NO_WARNINGS. See online help for details.
                 d:\microsoft visual studio 10.0\vc\include\stdio.h(304) : 参见“scanf”的声明
     1>e:\c语言源文件\模式匹配新算法\模式匹配\index.c(78): warning C4996: 'scanf': This function or variable may be unsafe. Consider using scanf_s instead. To disable deprecation, use _CRT_SECURE_NO_WARNINGS. See online help for details.
                 d:\microsoft visual studio 10.0\vc\include\stdio.h(304) : 参见“scanf”的声明
       ManifestResourceCompile:
         所有输出均为最新。
       Link:
         D:\Microsoft Visual Studio 10.0\VC\bin\link.exe /ERRORREPORT:PROMPT /OUT:"E:\c语言源文件\模式匹配新算法\模式匹配\Debug\模式匹配.exe" /INCREMENTAL /NOLOGO kernel32.lib user32.lib gdi32.lib winspool.lib comdlg32.lib advapi32.lib shell32.lib ole32.lib oleaut32.lib uuid.lib odbc32.lib odbccp32.lib /MANIFEST /ManifestFile:"Debug\模式匹配.exe.intermediate.manifest" /MANIFESTUAC:"level='asInvoker' uiAccess='false'" /DEBUG /PDB:"E:\c语言源文件\模式匹配新算法\模式匹配\Debug\模式匹配.pdb" /SUBSYSTEM:CONSOLE /TLBID:1 /DYNAMICBASE /NXCOMPAT /IMPLIB:"E:\c语言源文件\模式匹配新算法\模式匹配\Debug\模式匹配.lib" /MACHINE:X86 "Debug\模式匹配.exe.embed.manifest.res"
         Debug\index.obj
       Manifest:
         C:\Program Files (x86)\Microsoft SDKs\Windows\v7.0A\bin\mt.exe /nologo /verbose /out:"Debug\模式匹配.exe.embed.manifest" /manifest "Debug\模式匹配.exe.intermediate.manifest"
         所有输出均为最新。
       LinkEmbedManifest:
         所有输出均为最新。
         模式匹配.vcxproj -> E:\c语言源文件\模式匹配新算法\模式匹配\Debug\模式匹配.exe
       FinalizeBuildStatus:
         正在删除文件“Debug\模式匹配.unsuccessfulbuild”。
         正在对“Debug\模式匹配.lastbuildstate”执行 Touch 任务。
     1>已完成生成项目“E:\c语言源文件\模式匹配新算法\模式匹配\模式匹配.vcxproj”(build 个目标)的操作。

生成成功。

已用时间 00:00:01.17
