  迷宫.c
E:\考研资料\数据结构\c\迷宫\迷宫.c(1,1): warning C4819: 该文件包含不能在当前代码页(936)中表示的字符。请将该文件保存为 Unicode 格式以防止数据丢失
E:\考研资料\数据结构\c\迷宫\迷宫.c(29,2): error C2061: 语法错误: 标识符“selemtype”
E:\考研资料\数据结构\c\迷宫\迷宫.c(30,12): error C2143: 语法错误: 缺少“{”(在“*”的前面)
E:\考研资料\数据结构\c\迷宫\迷宫.c(32,1): error C2059: 语法错误:“}”
E:\考研资料\数据结构\c\迷宫\迷宫.c(33,24): error C2143: 语法错误: 缺少“)”(在“*”的前面)
E:\考研资料\数据结构\c\迷宫\迷宫.c(33,24): error C2143: 语法错误: 缺少“{”(在“*”的前面)
E:\考研资料\数据结构\c\迷宫\迷宫.c(33,26): error C2059: 语法错误:“)”
E:\考研资料\数据结构\c\迷宫\迷宫.c(34,2): error C2061: 语法错误: 标识符“s”
E:\考研资料\数据结构\c\迷宫\迷宫.c(34,2): error C2059: 语法错误:“;”
E:\考研资料\数据结构\c\迷宫\迷宫.c(34,3): error C2059: 语法错误:“->”
E:\考研资料\数据结构\c\迷宫\迷宫.c(35,2): error C2059: 语法错误:“if”
E:\考研资料\数据结构\c\迷宫\迷宫.c(37,3): error C2143: 语法错误: 缺少“{”(在“->”的前面)
E:\考研资料\数据结构\c\迷宫\迷宫.c(37,3): error C2059: 语法错误:“->”
E:\考研资料\数据结构\c\迷宫\迷宫.c(38,3): error C2143: 语法错误: 缺少“{”(在“->”的前面)
E:\考研资料\数据结构\c\迷宫\迷宫.c(38,3): error C2059: 语法错误:“->”
E:\考研资料\数据结构\c\迷宫\迷宫.c(39,2): error C2059: 语法错误:“return”
E:\考研资料\数据结构\c\迷宫\迷宫.c(40,1): error C2059: 语法错误:“}”
E:\考研资料\数据结构\c\迷宫\迷宫.c(56,18): error C2143: 语法错误: 缺少“)”(在“*”的前面)
E:\考研资料\数据结构\c\迷宫\迷宫.c(56,18): error C2143: 语法错误: 缺少“{”(在“*”的前面)
E:\考研资料\数据结构\c\迷宫\迷宫.c(56,31): error C2143: 语法错误: 缺少“;”(在“*”的前面)
E:\考研资料\数据结构\c\迷宫\迷宫.c(56,33): error C2059: 语法错误:“)”
E:\考研资料\数据结构\c\迷宫\迷宫.c(57,1): error C2054: 在“e”之后应输入“(”
E:\考研资料\数据结构\c\迷宫\迷宫.c(64,23): error C2146: 语法错误: 缺少“)”(在标识符“e”的前面)
E:\考研资料\数据结构\c\迷宫\迷宫.c(64,23): error C2061: 语法错误: 标识符“e”
E:\考研资料\数据结构\c\迷宫\迷宫.c(64,23): error C2059: 语法错误:“;”
E:\考研资料\数据结构\c\迷宫\迷宫.c(64,24): error C2059: 语法错误:“,”
E:\考研资料\数据结构\c\迷宫\迷宫.c(64,32): error C2059: 语法错误:“)”
E:\考研资料\数据结构\c\迷宫\迷宫.c(66,2): error C2059: 语法错误:“if”
E:\考研资料\数据结构\c\迷宫\迷宫.c(78,2): error C2059: 语法错误:“else”
E:\考研资料\数据结构\c\迷宫\迷宫.c(80,1): error C2059: 语法错误:“}”
E:\考研资料\数据结构\c\迷宫\迷宫.c(95,8): error C2065: “stack”: 未声明的标识符
E:\考研资料\数据结构\c\迷宫\迷宫.c(95,8): error C2146: 语法错误: 缺少“;”(在标识符“s”的前面)
E:\考研资料\数据结构\c\迷宫\迷宫.c(95,11): error C2065: “l”: 未声明的标识符
E:\考研资料\数据结构\c\迷宫\迷宫.c(96,12): error C2146: 语法错误: 缺少“;”(在标识符“e”的前面)
E:\考研资料\数据结构\c\迷宫\迷宫.c(97,10): error C2065: “postype”: 未声明的标识符
E:\考研资料\数据结构\c\迷宫\迷宫.c(97,10): error C2146: 语法错误: 缺少“;”(在标识符“start”的前面)
E:\考研资料\数据结构\c\迷宫\迷宫.c(97,15): error C2065: “start”: 未声明的标识符
E:\考研资料\数据结构\c\迷宫\迷宫.c(97,19): error C2065: “end”: 未声明的标识符
E:\考研资料\数据结构\c\迷宫\迷宫.c(98,7): error C2065: “start”: 未声明的标识符
E:\考研资料\数据结构\c\迷宫\迷宫.c(98,8): error C2224: “.m”的左侧必须具有结构/联合类型
E:\考研资料\数据结构\c\迷宫\迷宫.c(99,7): error C2065: “start”: 未声明的标识符
E:\考研资料\数据结构\c\迷宫\迷宫.c(99,8): error C2224: “.n”的左侧必须具有结构/联合类型
E:\考研资料\数据结构\c\迷宫\迷宫.c(100,5): error C2065: “end”: 未声明的标识符
E:\考研资料\数据结构\c\迷宫\迷宫.c(100,6): error C2224: “.m”的左侧必须具有结构/联合类型
E:\考研资料\数据结构\c\迷宫\迷宫.c(101,5): error C2065: “end”: 未声明的标识符
E:\考研资料\数据结构\c\迷宫\迷宫.c(101,6): error C2224: “.n”的左侧必须具有结构/联合类型
E:\考研资料\数据结构\c\迷宫\迷宫.c(102,11): warning C4013: “initstack”未定义；假设外部返回 int
E:\考研资料\数据结构\c\迷宫\迷宫.c(103,14): error C2065: “l”: 未声明的标识符
E:\考研资料\数据结构\c\迷宫\迷宫.c(104,4): error C2224: “.ord”的左侧必须具有结构/联合类型
E:\考研资料\数据结构\c\迷宫\迷宫.c(105,4): error C2224: “.seat”的左侧必须具有结构/联合类型
E:\考研资料\数据结构\c\迷宫\迷宫.c(105,14): error C2065: “start”: 未声明的标识符
E:\考研资料\数据结构\c\迷宫\迷宫.c(106,4): error C2224: “.di”的左侧必须具有结构/联合类型
E:\考研资料\数据结构\c\迷宫\迷宫.c(109,10): warning C4013: “pass”未定义；假设外部返回 int
E:\考研资料\数据结构\c\迷宫\迷宫.c(109,14): error C2065: “l”: 未声明的标识符
E:\考研资料\数据结构\c\迷宫\迷宫.c(111,8): warning C4013: “Push”未定义；假设外部返回 int
E:\考研资料\数据结构\c\迷宫\迷宫.c(112,11): error C2065: “l”: 未声明的标识符
E:\考研资料\数据结构\c\迷宫\迷宫.c(113,9): error C2224: “.seat”的左侧必须具有结构/联合类型
E:\考研资料\数据结构\c\迷宫\迷宫.c(113,20): error C2065: “end”: 未声明的标识符
E:\考研资料\数据结构\c\迷宫\迷宫.c(113,21): error C2224: “.m”的左侧必须具有结构/联合类型
E:\考研资料\数据结构\c\迷宫\迷宫.c(113,26): error C2224: “.seat”的左侧必须具有结构/联合类型
E:\考研资料\数据结构\c\迷宫\迷宫.c(113,37): error C2065: “end”: 未声明的标识符
E:\考研资料\数据结构\c\迷宫\迷宫.c(113,38): error C2224: “.n”的左侧必须具有结构/联合类型
E:\考研资料\数据结构\c\迷宫\迷宫.c(115,10): warning C4013: “print”未定义；假设外部返回 int
E:\考研资料\数据结构\c\迷宫\迷宫.c(118,6): error C2224: “.ord”的左侧必须具有结构/联合类型
E:\考研资料\数据结构\c\迷宫\迷宫.c(119,6): error C2224: “.seat”的左侧必须具有结构/联合类型
E:\考研资料\数据结构\c\迷宫\迷宫.c(120,6): error C2224: “.di”的左侧必须具有结构/联合类型
E:\考研资料\数据结构\c\迷宫\迷宫.c(124,9): error C2224: “.top”的左侧必须具有结构/联合类型
E:\考研资料\数据结构\c\迷宫\迷宫.c(124,16): error C2224: “.base”的左侧必须具有结构/联合类型
E:\考研资料\数据结构\c\迷宫\迷宫.c(126,12): error C2065: “l”: 未声明的标识符
E:\考研资料\数据结构\c\迷宫\迷宫.c(127,8): warning C4013: “Pop”未定义；假设外部返回 int
E:\考研资料\数据结构\c\迷宫\迷宫.c(128,13): error C2224: “.top”的左侧必须具有结构/联合类型
E:\考研资料\数据结构\c\迷宫\迷宫.c(128,20): error C2224: “.base”的左侧必须具有结构/联合类型
E:\考研资料\数据结构\c\迷宫\迷宫.c(128,28): error C2224: “.di”的左侧必须具有结构/联合类型
E:\考研资料\数据结构\c\迷宫\迷宫.c(130,13): error C2065: “l”: 未声明的标识符
E:\考研资料\数据结构\c\迷宫\迷宫.c(133,10): error C2224: “.di”的左侧必须具有结构/联合类型
E:\考研资料\数据结构\c\迷宫\迷宫.c(135,13): error C2065: “l”: 未声明的标识符
E:\考研资料\数据结构\c\迷宫\迷宫.c(136,8): error C2224: “.di”的左侧必须具有结构/联合类型
E:\考研资料\数据结构\c\迷宫\迷宫.c(137,15): error C2224: “.di”的左侧必须具有结构/联合类型
E:\考研资料\数据结构\c\迷宫\迷宫.c(140,10): error C2224: “.seat”的左侧必须具有结构/联合类型
E:\考研资料\数据结构\c\迷宫\迷宫.c(143,10): error C2224: “.seat”的左侧必须具有结构/联合类型
E:\考研资料\数据结构\c\迷宫\迷宫.c(146,10): error C2224: “.seat”的左侧必须具有结构/联合类型
E:\考研资料\数据结构\c\迷宫\迷宫.c(154,11): error C2224: “.top”的左侧必须具有结构/联合类型
E:\考研资料\数据结构\c\迷宫\迷宫.c(154,18): error C2224: “.base”的左侧必须具有结构/联合类型
