生成启动时间为 2018/5/30 21:20:52。
     1>项目“E:\c语言源文件\命令行参数\命令行参数.vcxproj”在节点 2 上(build 个目标)。
     1>InitializeBuildStatus:
         正在对“Debug\命令行参数.unsuccessfulbuild”执行 Touch 任务。
       ClCompile:
         D:\Microsoft Visual Studio 10.0\VC\bin\CL.exe /c /Zi /nologo /W3 /WX- /Od /Oy- /D WIN32 /D _DEBUG /D _WINDOWS /Gm /EHsc /RTC1 /MDd /GS /fp:precise /Zc:wchar_t /Zc:forScope /Fo"Debug\\" /Fd"Debug\vc100.pdb" /Gd /TC /analyze- /errorReport:prompt "命令行参数.c"
         命令行参数.c
     1>命令行参数.c(15): warning C4996: 'strcpy': This function or variable may be unsafe. Consider using strcpy_s instead. To disable deprecation, use _CRT_SECURE_NO_WARNINGS. See online help for details.
                 D:\Microsoft Visual Studio 10.0\VC\include\string.h(105) : 参见“strcpy”的声明
     1>命令行参数.c(9): warning C4101: “error2”: 未引用的局部变量
     1>命令行参数.c(9): warning C4101: “error1”: 未引用的局部变量
     1>命令行参数.c(9): warning C4101: “error3”: 未引用的局部变量
       ManifestResourceCompile:
         所有输出均为最新。
       Link:
         D:\Microsoft Visual Studio 10.0\VC\bin\link.exe /ERRORREPORT:PROMPT /OUT:"E:\c语言源文件\命令行参数\Debug\命令行参数.exe" /INCREMENTAL /NOLOGO kernel32.lib user32.lib gdi32.lib winspool.lib comdlg32.lib advapi32.lib shell32.lib ole32.lib oleaut32.lib uuid.lib odbc32.lib odbccp32.lib /MANIFEST /ManifestFile:"Debug\命令行参数.exe.intermediate.manifest" /MANIFESTUAC:"level='asInvoker' uiAccess='false'" /DEBUG /PDB:"E:\c语言源文件\命令行参数\Debug\命令行参数.pdb" /SUBSYSTEM:WINDOWS /TLBID:1 /DYNAMICBASE /NXCOMPAT /IMPLIB:"E:\c语言源文件\命令行参数\Debug\命令行参数.lib" /MACHINE:X86 "Debug\命令行参数.exe.embed.manifest.res"
         "Debug\命令行参数.obj"
     1>MSVCRTD.lib(crtexew.obj) : error LNK2019: 无法解析的外部符号 _WinMain@16，该符号在函数 ___tmainCRTStartup 中被引用
     1>E:\c语言源文件\命令行参数\Debug\命令行参数.exe : fatal error LNK1120: 1 个无法解析的外部命令
     1>已完成生成项目“E:\c语言源文件\命令行参数\命令行参数.vcxproj”(build 个目标)的操作 - 失败。

生成失败。

已用时间 00:00:00.68
